<?xml version="1.0" encoding="UTF-8"?>
<!-- Generated by org.testng.reporters.JUnitReportReporter -->
<testsuite hostname="DESKTOP-9CQGD26" failures="0" tests="1" name="testCases.TC_002_LoginTest" time="3.700" errors="0" timestamp="2023-08-10T16:49:56 IST" skipped="0">
  <testcase classname="testCases.TC_002_LoginTest" name="test_login" time="3.700"/>
</testsuite> <!-- testCases.TC_002_LoginTest -->
