<?xml version="1.0" encoding="UTF-8"?>
<!-- Generated by org.testng.reporters.JUnitReportReporter -->
<testsuite hostname="DESKTOP-9CQGD26" failures="0" tests="1" name="testCases.TC_002_LoginTest" time="4.106" errors="0" timestamp="2023-08-15T11:35:33 IST" skipped="0">
  <testcase classname="testCases.TC_002_LoginTest" name="test_login" time="4.106"/>
</testsuite> <!-- testCases.TC_002_LoginTest -->
