<?xml version="1.0" encoding="UTF-8"?>
<!-- Generated by org.testng.reporters.JUnitReportReporter -->
<testsuite hostname="DESKTOP-9CQGD26" failures="0" tests="6" name="testCases.TC_003_LoginDataDrivenTest" time="63.182" errors="0" timestamp="2023-08-10T16:52:53 IST" skipped="0">
  <testcase classname="testCases.TC_003_LoginDataDrivenTest" name="test_loginDataDrivenTest" time="11.696"/>
  <testcase classname="testCases.TC_003_LoginDataDrivenTest" name="test_loginDataDrivenTest" time="12.477"/>
  <testcase classname="testCases.TC_003_LoginDataDrivenTest" name="test_loginDataDrivenTest" time="11.683"/>
  <testcase classname="testCases.TC_003_LoginDataDrivenTest" name="test_loginDataDrivenTest" time="11.634"/>
  <testcase classname="testCases.TC_003_LoginDataDrivenTest" name="test_loginDataDrivenTest" time="4.008"/>
  <testcase classname="testCases.TC_003_LoginDataDrivenTest" name="test_loginDataDrivenTest" time="11.684"/>
</testsuite> <!-- testCases.TC_003_LoginDataDrivenTest -->
