<?xml version="1.0" encoding="UTF-8"?>
<!-- Generated by org.testng.reporters.JUnitReportReporter -->
<testsuite hostname="DESKTOP-9CQGD26" failures="0" tests="1" name="testCases.TC_001_AccountRegistrationTest" time="11.946" errors="0" timestamp="2023-08-10T10:48:47 IST" skipped="0">
  <testcase classname="testCases.TC_001_AccountRegistrationTest" name="tes_account_registraion" time="11.946"/>
</testsuite> <!-- testCases.TC_001_AccountRegistrationTest -->
