<?xml version="1.0" encoding="UTF-8"?>
<!-- Generated by org.testng.reporters.JUnitReportReporter -->
<testsuite hostname="DESKTOP-9CQGD26" failures="0" tests="6" name="testCases.TC_003_LoginDataDrivenTest" time="65.041" errors="0" timestamp="2023-08-10T17:00:13 IST" skipped="0">
  <testcase classname="testCases.TC_003_LoginDataDrivenTest" name="test_loginDataDrivenTest" time="13.130"/>
  <testcase classname="testCases.TC_003_LoginDataDrivenTest" name="test_loginDataDrivenTest" time="11.343"/>
  <testcase classname="testCases.TC_003_LoginDataDrivenTest" name="test_loginDataDrivenTest" time="3.924"/>
  <testcase classname="testCases.TC_003_LoginDataDrivenTest" name="test_loginDataDrivenTest" time="11.522"/>
  <testcase classname="testCases.TC_003_LoginDataDrivenTest" name="test_loginDataDrivenTest" time="11.923"/>
  <testcase classname="testCases.TC_003_LoginDataDrivenTest" name="test_loginDataDrivenTest" time="13.199"/>
</testsuite> <!-- testCases.TC_003_LoginDataDrivenTest -->
